<?xml version="1.0" encoding="UTF-8"?>
<testsuite name="ScrabbleScoreTest" tests="2" skipped="0" failures="0" errors="0" timestamp="2016-02-09T18:38:27" hostname="epicodus-64.local" time="0.002">
  <properties/>
  <testcase name="scrabbleScore_returnScore_3" classname="ScrabbleScoreTest" time="0.001"/>
  <testcase name="scrabbleScore_returnsAScrabbleScoreForALetter_1" classname="ScrabbleScoreTest" time="0.0"/>
  <system-out><![CDATA[]]></system-out>
  <system-err><![CDATA[]]></system-err>
</testsuite>
